  main.cpp
C:\DEV\vcpkg\installed\x86-windows\include\Magick++\Drawable.h(478,18): warning C4251: 'Magick::DrawableBezier::_coordinates': class 'std::list<Magick::Coordinate,std::allocator<Magick::Coordinate>>' needs to have dll-interface to be used by clients of class 'Magick::DrawableBezier'
C:\DEV\vcpkg\installed\x86-windows\include\Magick++\Drawable.h(97): message : see declaration of 'std::list<Magick::Coordinate,std::allocator<Magick::Coordinate>>'
C:\DEV\vcpkg\installed\x86-windows\include\Magick++\Drawable.h(520,15): warning C4251: 'Magick::DrawablePushClipPath::_id': class 'std::basic_string<char,std::char_traits<char>,std::allocator<char>>' needs to have dll-interface to be used by clients of class 'Magick::DrawablePushClipPath'
C:\Program Files (x86)\Microsoft Visual Studio\2019\Community\VC\Tools\MSVC\14.29.30133\include\xstring(4905): message : see declaration of 'std::basic_string<char,std::char_traits<char>,std::allocator<char>>'
C:\DEV\vcpkg\installed\x86-windows\include\Magick++\Drawable.h(548,17): warning C4251: 'Magick::DrawableClipPath::_id': class 'std::basic_string<char,std::char_traits<char>,std::allocator<char>>' needs to have dll-interface to be used by clients of class 'Magick::DrawableClipPath'
C:\Program Files (x86)\Microsoft Visual Studio\2019\Community\VC\Tools\MSVC\14.29.30133\include\xstring(4905): message : see declaration of 'std::basic_string<char,std::char_traits<char>,std::allocator<char>>'
C:\DEV\vcpkg\installed\x86-windows\include\Magick++\Drawable.h(981,17): warning C4251: 'Magick::DrawableFont::_font': class 'std::basic_string<char,std::char_traits<char>,std::allocator<char>>' needs to have dll-interface to be used by clients of class 'Magick::DrawableFont'
C:\Program Files (x86)\Microsoft Visual Studio\2019\Community\VC\Tools\MSVC\14.29.30133\include\xstring(4905): message : see declaration of 'std::basic_string<char,std::char_traits<char>,std::allocator<char>>'
C:\DEV\vcpkg\installed\x86-windows\include\Magick++\Drawable.h(982,17): warning C4251: 'Magick::DrawableFont::_family': class 'std::basic_string<char,std::char_traits<char>,std::allocator<char>>' needs to have dll-interface to be used by clients of class 'Magick::DrawableFont'
C:\Program Files (x86)\Microsoft Visual Studio\2019\Community\VC\Tools\MSVC\14.29.30133\include\xstring(4905): message : see declaration of 'std::basic_string<char,std::char_traits<char>,std::allocator<char>>'
C:\DEV\vcpkg\installed\x86-windows\include\Magick++\Drawable.h(1150,13): warning C4251: 'Magick::DrawablePath::_path': class 'std::list<Magick::VPath,std::allocator<Magick::VPath>>' needs to have dll-interface to be used by clients of class 'Magick::DrawablePath'
C:\DEV\vcpkg\installed\x86-windows\include\Magick++\Drawable.h(279): message : see declaration of 'std::list<Magick::VPath,std::allocator<Magick::VPath>>'
C:\DEV\vcpkg\installed\x86-windows\include\Magick++\Drawable.h(1239,18): warning C4251: 'Magick::DrawablePolygon::_coordinates': class 'std::list<Magick::Coordinate,std::allocator<Magick::Coordinate>>' needs to have dll-interface to be used by clients of class 'Magick::DrawablePolygon'
C:\DEV\vcpkg\installed\x86-windows\include\Magick++\Drawable.h(97): message : see declaration of 'std::list<Magick::Coordinate,std::allocator<Magick::Coordinate>>'
C:\DEV\vcpkg\installed\x86-windows\include\Magick++\Drawable.h(1259,18): warning C4251: 'Magick::DrawablePolyline::_coordinates': class 'std::list<Magick::Coordinate,std::allocator<Magick::Coordinate>>' needs to have dll-interface to be used by clients of class 'Magick::DrawablePolyline'
C:\DEV\vcpkg\installed\x86-windows\include\Magick++\Drawable.h(97): message : see declaration of 'std::list<Magick::Coordinate,std::allocator<Magick::Coordinate>>'
C:\DEV\vcpkg\installed\x86-windows\include\Magick++\Drawable.h(1343,23): warning C4251: 'Magick::DrawablePushPattern::_id': class 'std::basic_string<char,std::char_traits<char>,std::allocator<char>>' needs to have dll-interface to be used by clients of class 'Magick::DrawablePushPattern'
C:\Program Files (x86)\Microsoft Visual Studio\2019\Community\VC\Tools\MSVC\14.29.30133\include\xstring(4905): message : see declaration of 'std::basic_string<char,std::char_traits<char>,std::allocator<char>>'
C:\DEV\vcpkg\installed\x86-windows\include\Magick++\Drawable.h(1949,15): warning C4251: 'Magick::DrawableText::_text': class 'std::basic_string<char,std::char_traits<char>,std::allocator<char>>' needs to have dll-interface to be used by clients of class 'Magick::DrawableText'
C:\Program Files (x86)\Microsoft Visual Studio\2019\Community\VC\Tools\MSVC\14.29.30133\include\xstring(4905): message : see declaration of 'std::basic_string<char,std::char_traits<char>,std::allocator<char>>'
C:\DEV\vcpkg\installed\x86-windows\include\Magick++\Drawable.h(1950,15): warning C4251: 'Magick::DrawableText::_encoding': class 'std::basic_string<char,std::char_traits<char>,std::allocator<char>>' needs to have dll-interface to be used by clients of class 'Magick::DrawableText'
C:\Program Files (x86)\Microsoft Visual Studio\2019\Community\VC\Tools\MSVC\14.29.30133\include\xstring(4905): message : see declaration of 'std::basic_string<char,std::char_traits<char>,std::allocator<char>>'
C:\DEV\vcpkg\installed\x86-windows\include\Magick++\Drawable.h(2283,19): warning C4251: 'Magick::PathArcAbs::_coordinates': class 'std::list<Magick::PathArcArgs,std::allocator<Magick::PathArcArgs>>' needs to have dll-interface to be used by clients of class 'Magick::PathArcAbs'
C:\DEV\vcpkg\installed\x86-windows\include\Magick++\Drawable.h(2248): message : see declaration of 'std::list<Magick::PathArcArgs,std::allocator<Magick::PathArcArgs>>'
C:\DEV\vcpkg\installed\x86-windows\include\Magick++\Drawable.h(2305,19): warning C4251: 'Magick::PathArcRel::_coordinates': class 'std::list<Magick::PathArcArgs,std::allocator<Magick::PathArcArgs>>' needs to have dll-interface to be used by clients of class 'Magick::PathArcRel'
C:\DEV\vcpkg\installed\x86-windows\include\Magick++\Drawable.h(2248): message : see declaration of 'std::list<Magick::PathArcArgs,std::allocator<Magick::PathArcArgs>>'
C:\DEV\vcpkg\installed\x86-windows\include\Magick++\Drawable.h(2456,23): warning C4251: 'Magick::PathCurvetoAbs::_args': class 'std::list<Magick::PathCurvetoArgs,std::allocator<Magick::PathCurvetoArgs>>' needs to have dll-interface to be used by clients of class 'Magick::PathCurvetoAbs'
C:\DEV\vcpkg\installed\x86-windows\include\Magick++\Drawable.h(2422): message : see declaration of 'std::list<Magick::PathCurvetoArgs,std::allocator<Magick::PathCurvetoArgs>>'
C:\DEV\vcpkg\installed\x86-windows\include\Magick++\Drawable.h(2479,23): warning C4251: 'Magick::PathCurvetoRel::_args': class 'std::list<Magick::PathCurvetoArgs,std::allocator<Magick::PathCurvetoArgs>>' needs to have dll-interface to be used by clients of class 'Magick::PathCurvetoRel'
C:\DEV\vcpkg\installed\x86-windows\include\Magick++\Drawable.h(2422): message : see declaration of 'std::list<Magick::PathCurvetoArgs,std::allocator<Magick::PathCurvetoArgs>>'
C:\DEV\vcpkg\installed\x86-windows\include\Magick++\Drawable.h(2503,18): warning C4251: 'Magick::PathSmoothCurvetoAbs::_coordinates': class 'std::list<Magick::Coordinate,std::allocator<Magick::Coordinate>>' needs to have dll-interface to be used by clients of class 'Magick::PathSmoothCurvetoAbs'
C:\DEV\vcpkg\installed\x86-windows\include\Magick++\Drawable.h(97): message : see declaration of 'std::list<Magick::Coordinate,std::allocator<Magick::Coordinate>>'
C:\DEV\vcpkg\installed\x86-windows\include\Magick++\Drawable.h(2528,18): warning C4251: 'Magick::PathSmoothCurvetoRel::_coordinates': class 'std::list<Magick::Coordinate,std::allocator<Magick::Coordinate>>' needs to have dll-interface to be used by clients of class 'Magick::PathSmoothCurvetoRel'
C:\DEV\vcpkg\installed\x86-windows\include\Magick++\Drawable.h(97): message : see declaration of 'std::list<Magick::Coordinate,std::allocator<Magick::Coordinate>>'
C:\DEV\vcpkg\installed\x86-windows\include\Magick++\Drawable.h(2640,32): warning C4251: 'Magick::PathQuadraticCurvetoAbs::_args': class 'std::list<Magick::PathQuadraticCurvetoArgs,std::allocator<Magick::PathQuadraticCurvetoArgs>>' needs to have dll-interface to be used by clients of class 'Magick::PathQuadraticCurvetoAbs'
C:\DEV\vcpkg\installed\x86-windows\include\Magick++\Drawable.h(2606): message : see declaration of 'std::list<Magick::PathQuadraticCurvetoArgs,std::allocator<Magick::PathQuadraticCurvetoArgs>>'
C:\DEV\vcpkg\installed\x86-windows\include\Magick++\Drawable.h(2664,32): warning C4251: 'Magick::PathQuadraticCurvetoRel::_args': class 'std::list<Magick::PathQuadraticCurvetoArgs,std::allocator<Magick::PathQuadraticCurvetoArgs>>' needs to have dll-interface to be used by clients of class 'Magick::PathQuadraticCurvetoRel'
C:\DEV\vcpkg\installed\x86-windows\include\Magick++\Drawable.h(2606): message : see declaration of 'std::list<Magick::PathQuadraticCurvetoArgs,std::allocator<Magick::PathQuadraticCurvetoArgs>>'
C:\DEV\vcpkg\installed\x86-windows\include\Magick++\Drawable.h(2688,18): warning C4251: 'Magick::PathSmoothQuadraticCurvetoAbs::_coordinates': class 'std::list<Magick::Coordinate,std::allocator<Magick::Coordinate>>' needs to have dll-interface to be used by clients of class 'Magick::PathSmoothQuadraticCurvetoAbs'
C:\DEV\vcpkg\installed\x86-windows\include\Magick++\Drawable.h(97): message : see declaration of 'std::list<Magick::Coordinate,std::allocator<Magick::Coordinate>>'
C:\DEV\vcpkg\installed\x86-windows\include\Magick++\Drawable.h(2712,18): warning C4251: 'Magick::PathSmoothQuadraticCurvetoRel::_coordinates': class 'std::list<Magick::Coordinate,std::allocator<Magick::Coordinate>>' needs to have dll-interface to be used by clients of class 'Magick::PathSmoothQuadraticCurvetoRel'
C:\DEV\vcpkg\installed\x86-windows\include\Magick++\Drawable.h(97): message : see declaration of 'std::list<Magick::Coordinate,std::allocator<Magick::Coordinate>>'
C:\DEV\vcpkg\installed\x86-windows\include\Magick++\Drawable.h(2740,18): warning C4251: 'Magick::PathLinetoAbs::_coordinates': class 'std::list<Magick::Coordinate,std::allocator<Magick::Coordinate>>' needs to have dll-interface to be used by clients of class 'Magick::PathLinetoAbs'
C:\DEV\vcpkg\installed\x86-windows\include\Magick++\Drawable.h(97): message : see declaration of 'std::list<Magick::Coordinate,std::allocator<Magick::Coordinate>>'
C:\DEV\vcpkg\installed\x86-windows\include\Magick++\Drawable.h(2764,18): warning C4251: 'Magick::PathLinetoRel::_coordinates': class 'std::list<Magick::Coordinate,std::allocator<Magick::Coordinate>>' needs to have dll-interface to be used by clients of class 'Magick::PathLinetoRel'
C:\DEV\vcpkg\installed\x86-windows\include\Magick++\Drawable.h(97): message : see declaration of 'std::list<Magick::Coordinate,std::allocator<Magick::Coordinate>>'
C:\DEV\vcpkg\installed\x86-windows\include\Magick++\Drawable.h(2906,18): warning C4251: 'Magick::PathMovetoAbs::_coordinates': class 'std::list<Magick::Coordinate,std::allocator<Magick::Coordinate>>' needs to have dll-interface to be used by clients of class 'Magick::PathMovetoAbs'
C:\DEV\vcpkg\installed\x86-windows\include\Magick++\Drawable.h(97): message : see declaration of 'std::list<Magick::Coordinate,std::allocator<Magick::Coordinate>>'
C:\DEV\vcpkg\installed\x86-windows\include\Magick++\Drawable.h(2930,18): warning C4251: 'Magick::PathMovetoRel::_coordinates': class 'std::list<Magick::Coordinate,std::allocator<Magick::Coordinate>>' needs to have dll-interface to be used by clients of class 'Magick::PathMovetoRel'
C:\DEV\vcpkg\installed\x86-windows\include\Magick++\Drawable.h(97): message : see declaration of 'std::list<Magick::Coordinate,std::allocator<Magick::Coordinate>>'
C:\DEV\vcpkg\installed\x86-windows\include\Magick++\Exception.h(22,3): warning C4275: non dll-interface class 'std::exception' used as base for dll-interface class 'Magick::Exception'
C:\Program Files (x86)\Microsoft Visual Studio\2019\Community\VC\Tools\MSVC\14.29.30133\include\vcruntime_exception.h(48): message : see declaration of 'std::exception'
C:\DEV\vcpkg\installed\x86-windows\include\Magick++\Exception.h(21): message : see declaration of 'Magick::Exception'
C:\DEV\vcpkg\installed\x86-windows\include\Magick++\Exception.h(31,17): warning C4251: 'Magick::Exception::_what': class 'std::basic_string<char,std::char_traits<char>,std::allocator<char>>' needs to have dll-interface to be used by clients of class 'Magick::Exception'
C:\Program Files (x86)\Microsoft Visual Studio\2019\Community\VC\Tools\MSVC\14.29.30133\include\xstring(4905): message : see declaration of 'std::basic_string<char,std::char_traits<char>,std::allocator<char>>'
C:\DEV\vcpkg\installed\x86-windows\include\Magick++\CoderInfo.h(65,25): warning C4251: 'Magick::CoderInfo::_name': class 'std::basic_string<char,std::char_traits<char>,std::allocator<char>>' needs to have dll-interface to be used by clients of class 'Magick::CoderInfo'
C:\Program Files (x86)\Microsoft Visual Studio\2019\Community\VC\Tools\MSVC\14.29.30133\include\xstring(4905): message : see declaration of 'std::basic_string<char,std::char_traits<char>,std::allocator<char>>'
C:\DEV\vcpkg\installed\x86-windows\include\Magick++\CoderInfo.h(66,25): warning C4251: 'Magick::CoderInfo::_description': class 'std::basic_string<char,std::char_traits<char>,std::allocator<char>>' needs to have dll-interface to be used by clients of class 'Magick::CoderInfo'
C:\Program Files (x86)\Microsoft Visual Studio\2019\Community\VC\Tools\MSVC\14.29.30133\include\xstring(4905): message : see declaration of 'std::basic_string<char,std::char_traits<char>,std::allocator<char>>'
C:\DEV\vcpkg\installed\x86-windows\include\Magick++\Montage.h(127,23): warning C4251: 'Magick::Montage::_fileName': class 'std::basic_string<char,std::char_traits<char>,std::allocator<char>>' needs to have dll-interface to be used by clients of class 'Magick::Montage'
C:\Program Files (x86)\Microsoft Visual Studio\2019\Community\VC\Tools\MSVC\14.29.30133\include\xstring(4905): message : see declaration of 'std::basic_string<char,std::char_traits<char>,std::allocator<char>>'
C:\DEV\vcpkg\installed\x86-windows\include\Magick++\Montage.h(129,23): warning C4251: 'Magick::Montage::_font': class 'std::basic_string<char,std::char_traits<char>,std::allocator<char>>' needs to have dll-interface to be used by clients of class 'Magick::Montage'
C:\Program Files (x86)\Microsoft Visual Studio\2019\Community\VC\Tools\MSVC\14.29.30133\include\xstring(4905): message : see declaration of 'std::basic_string<char,std::char_traits<char>,std::allocator<char>>'
C:\DEV\vcpkg\installed\x86-windows\include\Magick++\Montage.h(132,23): warning C4251: 'Magick::Montage::_label': class 'std::basic_string<char,std::char_traits<char>,std::allocator<char>>' needs to have dll-interface to be used by clients of class 'Magick::Montage'
C:\Program Files (x86)\Microsoft Visual Studio\2019\Community\VC\Tools\MSVC\14.29.30133\include\xstring(4905): message : see declaration of 'std::basic_string<char,std::char_traits<char>,std::allocator<char>>'
C:\DEV\vcpkg\installed\x86-windows\include\Magick++\Montage.h(136,23): warning C4251: 'Magick::Montage::_texture': class 'std::basic_string<char,std::char_traits<char>,std::allocator<char>>' needs to have dll-interface to be used by clients of class 'Magick::Montage'
C:\Program Files (x86)\Microsoft Visual Studio\2019\Community\VC\Tools\MSVC\14.29.30133\include\xstring(4905): message : see declaration of 'std::basic_string<char,std::char_traits<char>,std::allocator<char>>'
C:\DEV\vcpkg\installed\x86-windows\include\Magick++\Montage.h(138,23): warning C4251: 'Magick::Montage::_title': class 'std::basic_string<char,std::char_traits<char>,std::allocator<char>>' needs to have dll-interface to be used by clients of class 'Magick::Montage'
C:\Program Files (x86)\Microsoft Visual Studio\2019\Community\VC\Tools\MSVC\14.29.30133\include\xstring(4905): message : see declaration of 'std::basic_string<char,std::char_traits<char>,std::allocator<char>>'
C:\DEV\vcpkg\installed\x86-windows\include\Magick++\STL.h(137,25): warning C4251: 'Magick::annotateImage::_text': class 'std::basic_string<char,std::char_traits<char>,std::allocator<char>>' needs to have dll-interface to be used by clients of class 'Magick::annotateImage'
C:\Program Files (x86)\Microsoft Visual Studio\2019\Community\VC\Tools\MSVC\14.29.30133\include\xstring(4905): message : see declaration of 'std::basic_string<char,std::char_traits<char>,std::allocator<char>>'
C:\DEV\vcpkg\installed\x86-windows\include\Magick++\STL.h(239,19): warning C4251: 'Magick::cdlImage::_cdl': class 'std::basic_string<char,std::char_traits<char>,std::allocator<char>>' needs to have dll-interface to be used by clients of class 'Magick::cdlImage'
C:\Program Files (x86)\Microsoft Visual Studio\2019\Community\VC\Tools\MSVC\14.29.30133\include\xstring(4905): message : see declaration of 'std::basic_string<char,std::char_traits<char>,std::allocator<char>>'
C:\DEV\vcpkg\installed\x86-windows\include\Magick++\STL.h(278,17): warning C4251: 'Magick::commentImage::_comment': class 'std::basic_string<char,std::char_traits<char>,std::allocator<char>>' needs to have dll-interface to be used by clients of class 'Magick::commentImage'
C:\Program Files (x86)\Microsoft Visual Studio\2019\Community\VC\Tools\MSVC\14.29.30133\include\xstring(4905): message : see declaration of 'std::basic_string<char,std::char_traits<char>,std::allocator<char>>'
C:\DEV\vcpkg\installed\x86-windows\include\Magick++\STL.h(365,18): warning C4251: 'Magick::drawImage::_drawableList': class 'std::list<Magick::Drawable,std::allocator<Magick::Drawable>>' needs to have dll-interface to be used by clients of class 'Magick::drawImage'
C:\DEV\vcpkg\installed\x86-windows\include\Magick++\Drawable.h(199): message : see declaration of 'std::list<Magick::Drawable,std::allocator<Magick::Drawable>>'
C:\DEV\vcpkg\installed\x86-windows\include\Magick++\STL.h(656,17): warning C4251: 'Magick::labelImage::_label': class 'std::basic_string<char,std::char_traits<char>,std::allocator<char>>' needs to have dll-interface to be used by clients of class 'Magick::labelImage'
C:\Program Files (x86)\Microsoft Visual Studio\2019\Community\VC\Tools\MSVC\14.29.30133\include\xstring(4905): message : see declaration of 'std::basic_string<char,std::char_traits<char>,std::allocator<char>>'
C:\DEV\vcpkg\installed\x86-windows\include\Magick++\STL.h(1278,17): warning C4251: 'Magick::backgroundTextureImage::_backgroundTexture': class 'std::basic_string<char,std::char_traits<char>,std::allocator<char>>' needs to have dll-interface to be used by clients of class 'Magick::backgroundTextureImage'
C:\Program Files (x86)\Microsoft Visual Studio\2019\Community\VC\Tools\MSVC\14.29.30133\include\xstring(4905): message : see declaration of 'std::basic_string<char,std::char_traits<char>,std::allocator<char>>'
C:\DEV\vcpkg\installed\x86-windows\include\Magick++\STL.h(1453,17): warning C4251: 'Magick::fileNameImage::_fileName': class 'std::basic_string<char,std::char_traits<char>,std::allocator<char>>' needs to have dll-interface to be used by clients of class 'Magick::fileNameImage'
C:\Program Files (x86)\Microsoft Visual Studio\2019\Community\VC\Tools\MSVC\14.29.30133\include\xstring(4905): message : see declaration of 'std::basic_string<char,std::char_traits<char>,std::allocator<char>>'
C:\DEV\vcpkg\installed\x86-windows\include\Magick++\STL.h(1477,17): warning C4251: 'Magick::fontImage::_font': class 'std::basic_string<char,std::char_traits<char>,std::allocator<char>>' needs to have dll-interface to be used by clients of class 'Magick::fontImage'
C:\Program Files (x86)\Microsoft Visual Studio\2019\Community\VC\Tools\MSVC\14.29.30133\include\xstring(4905): message : see declaration of 'std::basic_string<char,std::char_traits<char>,std::allocator<char>>'
C:\DEV\vcpkg\installed\x86-windows\include\Magick++\STL.h(1537,17): warning C4251: 'Magick::magickImage::_magick': class 'std::basic_string<char,std::char_traits<char>,std::allocator<char>>' needs to have dll-interface to be used by clients of class 'Magick::magickImage'
C:\Program Files (x86)\Microsoft Visual Studio\2019\Community\VC\Tools\MSVC\14.29.30133\include\xstring(4905): message : see declaration of 'std::basic_string<char,std::char_traits<char>,std::allocator<char>>'
C:\DEV\vcpkg\installed\x86-windows\include\Magick++\STL.h(1769,17): warning C4251: 'Magick::tileNameImage::_tileName': class 'std::basic_string<char,std::char_traits<char>,std::allocator<char>>' needs to have dll-interface to be used by clients of class 'Magick::tileNameImage'
C:\Program Files (x86)\Microsoft Visual Studio\2019\Community\VC\Tools\MSVC\14.29.30133\include\xstring(4905): message : see declaration of 'std::basic_string<char,std::char_traits<char>,std::allocator<char>>'
C:\DEV\vcpkg\installed\x86-windows\include\Magick++\STL.h(1806,17): warning C4251: 'Magick::viewImage::_view': class 'std::basic_string<char,std::char_traits<char>,std::allocator<char>>' needs to have dll-interface to be used by clients of class 'Magick::viewImage'
C:\Program Files (x86)\Microsoft Visual Studio\2019\Community\VC\Tools\MSVC\14.29.30133\include\xstring(4905): message : see declaration of 'std::basic_string<char,std::char_traits<char>,std::allocator<char>>'
C:\DEV\vcpkg\installed\x86-windows\include\Magick++\STL.h(1819,17): warning C4251: 'Magick::x11DisplayImage::_display': class 'std::basic_string<char,std::char_traits<char>,std::allocator<char>>' needs to have dll-interface to be used by clients of class 'Magick::x11DisplayImage'
C:\Program Files (x86)\Microsoft Visual Studio\2019\Community\VC\Tools\MSVC\14.29.30133\include\xstring(4905): message : see declaration of 'std::basic_string<char,std::char_traits<char>,std::allocator<char>>'
  Lab3.23.vcxproj -> D:\labs\Graphics\lab4.23\Lab3.23\Debug\Lab3.23.exe
